0 info it worked if it ends with ok
1 verbose cli [ '/usr/local/Cellar/node/6.0.0/bin/node',
1 verbose cli   '/usr/local/bin/npm',
1 verbose cli   'install',
1 verbose cli   'grunt-contrib-watch',
1 verbose cli   'grunt-contrib-uglify',
1 verbose cli   '–save' ]
2 info using npm@3.8.6
3 info using node@v6.0.0
4 silly loadCurrentTree Starting
5 silly install loadCurrentTree
6 silly install readLocalPackageData
7 silly fetchPackageMetaData grunt-contrib-watch
8 silly fetchPackageMetaData grunt-contrib-uglify
9 silly fetchPackageMetaData –save
10 silly fetchNamedPackageData grunt-contrib-watch
11 silly mapToRegistry name grunt-contrib-watch
12 silly mapToRegistry using default registry
13 silly mapToRegistry registry https://registry.npmjs.org/
14 silly mapToRegistry data Result {
14 silly mapToRegistry   raw: 'grunt-contrib-watch',
14 silly mapToRegistry   scope: null,
14 silly mapToRegistry   name: 'grunt-contrib-watch',
14 silly mapToRegistry   rawSpec: '',
14 silly mapToRegistry   spec: 'latest',
14 silly mapToRegistry   type: 'tag' }
15 silly mapToRegistry uri https://registry.npmjs.org/grunt-contrib-watch
16 silly fetchNamedPackageData grunt-contrib-uglify
17 silly mapToRegistry name grunt-contrib-uglify
18 silly mapToRegistry using default registry
19 silly mapToRegistry registry https://registry.npmjs.org/
20 silly mapToRegistry data Result {
20 silly mapToRegistry   raw: 'grunt-contrib-uglify',
20 silly mapToRegistry   scope: null,
20 silly mapToRegistry   name: 'grunt-contrib-uglify',
20 silly mapToRegistry   rawSpec: '',
20 silly mapToRegistry   spec: 'latest',
20 silly mapToRegistry   type: 'tag' }
21 silly mapToRegistry uri https://registry.npmjs.org/grunt-contrib-uglify
22 silly fetchOtherPackageData –save
23 silly cache add args [ '–save', null ]
24 verbose cache add spec –save
25 silly cache add parsed spec Result {
25 silly cache add   raw: '–save',
25 silly cache add   scope: null,
25 silly cache add   name: null,
25 silly cache add   rawSpec: '–save',
25 silly cache add   spec: '/Users/sokos6/Documents/Development/socialNode/–save',
25 silly cache add   type: 'local' }
26 error addLocal Could not install /Users/sokos6/Documents/Development/socialNode/–save
27 silly fetchPackageMetaData Error: ENOENT: no such file or directory, open '/Users/sokos6/Documents/Development/socialNode/–save'
27 silly fetchPackageMetaData     at Error (native)
27 silly fetchPackageMetaData  error for –save { Error: ENOENT: no such file or directory, open '/Users/sokos6/Documents/Development/socialNode/–save'
27 silly fetchPackageMetaData     at Error (native)
27 silly fetchPackageMetaData   errno: -2,
27 silly fetchPackageMetaData   code: 'ENOENT',
27 silly fetchPackageMetaData   syscall: 'open',
27 silly fetchPackageMetaData   path: '/Users/sokos6/Documents/Development/socialNode/–save' }
28 verbose request uri https://registry.npmjs.org/grunt-contrib-watch
29 verbose request no auth needed
30 info attempt registry request try #1 at 10:58:29 PM
31 verbose request using bearer token for auth
32 verbose request id e52724a0c7d9aa74
33 verbose etag "EFITL6ZULGBAFO87RE6BMN8U6"
34 http request GET https://registry.npmjs.org/grunt-contrib-watch
35 verbose stack TypeError: The header content contains invalid characters
35 verbose stack     at ClientRequest.OutgoingMessage.setHeader (_http_outgoing.js:348:11)
35 verbose stack     at new ClientRequest (_http_client.js:85:14)
35 verbose stack     at Object.exports.request (http.js:31:10)
35 verbose stack     at Object.exports.request (https.js:199:15)
35 verbose stack     at Request.start (/usr/local/lib/node_modules/npm/node_modules/request/request.js:747:30)
35 verbose stack     at Request.end (/usr/local/lib/node_modules/npm/node_modules/request/request.js:1381:10)
35 verbose stack     at end (/usr/local/lib/node_modules/npm/node_modules/request/request.js:575:14)
35 verbose stack     at Immediate._onImmediate (/usr/local/lib/node_modules/npm/node_modules/request/request.js:589:7)
35 verbose stack     at tryOnImmediate (timers.js:543:15)
35 verbose stack     at processImmediate [as _immediateCallback] (timers.js:523:5)
36 verbose cwd /Users/sokos6/Documents/Development/socialNode
37 error Darwin 15.4.0
38 error argv "/usr/local/Cellar/node/6.0.0/bin/node" "/usr/local/bin/npm" "install" "grunt-contrib-watch" "grunt-contrib-uglify" "–save"
39 error node v6.0.0
40 error npm  v3.8.6
41 error The header content contains invalid characters
42 error If you need help, you may report this error at:
42 error     <https://github.com/npm/npm/issues>
43 verbose exit [ 1, true ]
